<?xml version="1.0" encoding="UTF-8"?>
<testsuite name="RectangleTest" tests="4" skipped="0" failures="0" errors="0" timestamp="2018-05-28T10:07:16" hostname="INpjayantis-MacBook-Pro.local" time="0.001">
  <properties/>
  <testcase name="shouldReturnTwentyWhenLengthIsFourAndBreadthIsFive" classname="RectangleTest" time="0.0"/>
  <testcase name="shouldReturnZeroAsAreaWhenLengthAndBreadthAreZero" classname="RectangleTest" time="0.0"/>
  <testcase name="shouldReturnFourAsAreaWhenLengthAndBreathAreTwo" classname="RectangleTest" time="0.0"/>
  <testcase name="shouldReturnAreaForPointValues" classname="RectangleTest" time="0.0"/>
  <system-out><![CDATA[]]></system-out>
  <system-err><![CDATA[]]></system-err>
</testsuite>
